<?xml version="1.0" encoding="UTF-8"?>
<!-- Generated by org.testng.reporters.JUnitReportReporter -->
<testsuite hostname="Atulkumar" failures="0" tests="1" name="test.ZerodhaSignUpTest" time="14.356" errors="0" timestamp="2022-06-23T17:31:53 IST" skipped="0">
  <testcase classname="test.ZerodhaSignUpTest" name="signUpTest" time="14.356"/>
  <system-out/>
</testsuite> <!-- test.ZerodhaSignUpTest -->
